2026-06-01 22:46:38,188 INFO: [31m[1mWARNING: This is a development server. Do not use it in a production deployment. Use a production WSGI server instead.[0m
 * Running on http://127.0.0.1:5000
2026-06-01 22:46:38,189 INFO: [33mPress CTRL+C to quit[0m
2026-06-01 22:46:41,795 INFO: 127.0.0.1 - - [01/Jun/2026 22:46:41] "[31m[1mGET /admin/documents HTTP/1.1[0m" 403 -
2026-06-01 22:46:42,588 ERROR: Exception on /favicon.ico [GET]
Traceback (most recent call last):
  File "F:\Work Nini\Programming\securecorp\v2_semi_secured\venv\Lib\site-packages\flask\app.py", line 867, in full_dispatch_request
    rv = self.dispatch_request()
  File "F:\Work Nini\Programming\securecorp\v2_semi_secured\venv\Lib\site-packages\flask\app.py", line 841, in dispatch_request
    self.raise_routing_exception(req)
    ~~~~~~~~~~~~~~~~~~~~~~~~~~~~^^^^^
  File "F:\Work Nini\Programming\securecorp\v2_semi_secured\venv\Lib\site-packages\flask\app.py", line 450, in raise_routing_exception
    raise request.routing_exception  # type: ignore
    ^^^^^^^^^^^^^^^^^^^^^^^^^^^^^^^
  File "F:\Work Nini\Programming\securecorp\v2_semi_secured\venv\Lib\site-packages\flask\ctx.py", line 353, in match_request
    result = self.url_adapter.match(return_rule=True)  # type: ignore
  File "F:\Work Nini\Programming\securecorp\v2_semi_secured\venv\Lib\site-packages\werkzeug\routing\map.py", line 624, in match
    raise NotFound() from None
werkzeug.exceptions.NotFound: 404 Not Found: The requested URL was not found on the server. If you entered the URL manually please check your spelling and try again.

During handling of the above exception, another exception occurred:

Traceback (most recent call last):
  File "F:\Work Nini\Programming\securecorp\v2_semi_secured\venv\Lib\site-packages\flask\app.py", line 1455, in wsgi_app
    response = self.full_dispatch_request()
  File "F:\Work Nini\Programming\securecorp\v2_semi_secured\venv\Lib\site-packages\flask\app.py", line 869, in full_dispatch_request
    rv = self.handle_user_exception(e)
  File "F:\Work Nini\Programming\securecorp\v2_semi_secured\venv\Lib\site-packages\flask\app.py", line 752, in handle_user_exception
    return self.handle_http_exception(e)
           ~~~~~~~~~~~~~~~~~~~~~~~~~~^^^
  File "F:\Work Nini\Programming\securecorp\v2_semi_secured\venv\Lib\site-packages\flask\app.py", line 727, in handle_http_exception
    return self.ensure_sync(handler)(e)
           ~~~~~~~~~~~~~~~~~~~~~~~~~^^^
  File "F:\Work Nini\Programming\securecorp\v2_semi_secured\app.py", line 54, in page_not_found
    return render_template('404.html'), 404
           ~~~~~~~~~~~~~~~^^^^^^^^^^^^
  File "F:\Work Nini\Programming\securecorp\v2_semi_secured\venv\Lib\site-packages\flask\templating.py", line 151, in render_template
    template = app.jinja_env.get_or_select_template(template_name_or_list)
  File "F:\Work Nini\Programming\securecorp\v2_semi_secured\venv\Lib\site-packages\jinja2\environment.py", line 1087, in get_or_select_template
    return self.get_template(template_name_or_list, parent, globals)
           ~~~~~~~~~~~~~~~~~^^^^^^^^^^^^^^^^^^^^^^^^^^^^^^^^^^^^^^^^
  File "F:\Work Nini\Programming\securecorp\v2_semi_secured\venv\Lib\site-packages\jinja2\environment.py", line 1016, in get_template
    return self._load_template(name, globals)
           ~~~~~~~~~~~~~~~~~~~^^^^^^^^^^^^^^^
  File "F:\Work Nini\Programming\securecorp\v2_semi_secured\venv\Lib\site-packages\jinja2\environment.py", line 975, in _load_template
    template = self.loader.load(self, name, self.make_globals(globals))
  File "F:\Work Nini\Programming\securecorp\v2_semi_secured\venv\Lib\site-packages\jinja2\loaders.py", line 138, in load
    code = environment.compile(source, name, filename)
  File "F:\Work Nini\Programming\securecorp\v2_semi_secured\venv\Lib\site-packages\jinja2\environment.py", line 771, in compile
    self.handle_exception(source=source_hint)
    ~~~~~~~~~~~~~~~~~~~~~^^^^^^^^^^^^^^^^^^^^
  File "F:\Work Nini\Programming\securecorp\v2_semi_secured\venv\Lib\site-packages\jinja2\environment.py", line 942, in handle_exception
    raise rewrite_traceback_stack(source=source)
  File "F:\Work Nini\Programming\securecorp\v2_semi_secured\templates\404.html", line 9, in template
    <a class="btn btn-primary btn-lg" href="{{ url_for(\'index\') }}" role="button">Retour ŕ l\"accueil</a>
    ^^^^^^^^^^^^^^^^^
jinja2.exceptions.TemplateSyntaxError: unexpected char '\\' at 312
2026-06-01 22:46:42,606 INFO: 127.0.0.1 - - [01/Jun/2026 22:46:42] "[35m[1mGET /favicon.ico HTTP/1.1[0m" 500 -
2026-06-01 22:46:44,069 INFO: 127.0.0.1 - - [01/Jun/2026 22:46:44] "[31m[1mGET /admin/dashboard HTTP/1.1[0m" 403 -
2026-06-01 22:46:44,246 ERROR: Exception on /favicon.ico [GET]
Traceback (most recent call last):
  File "F:\Work Nini\Programming\securecorp\v2_semi_secured\venv\Lib\site-packages\flask\app.py", line 867, in full_dispatch_request
    rv = self.dispatch_request()
  File "F:\Work Nini\Programming\securecorp\v2_semi_secured\venv\Lib\site-packages\flask\app.py", line 841, in dispatch_request
    self.raise_routing_exception(req)
    ~~~~~~~~~~~~~~~~~~~~~~~~~~~~^^^^^
  File "F:\Work Nini\Programming\securecorp\v2_semi_secured\venv\Lib\site-packages\flask\app.py", line 450, in raise_routing_exception
    raise request.routing_exception  # type: ignore
    ^^^^^^^^^^^^^^^^^^^^^^^^^^^^^^^
  File "F:\Work Nini\Programming\securecorp\v2_semi_secured\venv\Lib\site-packages\flask\ctx.py", line 353, in match_request
    result = self.url_adapter.match(return_rule=True)  # type: ignore
  File "F:\Work Nini\Programming\securecorp\v2_semi_secured\venv\Lib\site-packages\werkzeug\routing\map.py", line 624, in match
    raise NotFound() from None
werkzeug.exceptions.NotFound: 404 Not Found: The requested URL was not found on the server. If you entered the URL manually please check your spelling and try again.

During handling of the above exception, another exception occurred:

Traceback (most recent call last):
  File "F:\Work Nini\Programming\securecorp\v2_semi_secured\venv\Lib\site-packages\flask\app.py", line 1455, in wsgi_app
    response = self.full_dispatch_request()
  File "F:\Work Nini\Programming\securecorp\v2_semi_secured\venv\Lib\site-packages\flask\app.py", line 869, in full_dispatch_request
    rv = self.handle_user_exception(e)
  File "F:\Work Nini\Programming\securecorp\v2_semi_secured\venv\Lib\site-packages\flask\app.py", line 752, in handle_user_exception
    return self.handle_http_exception(e)
           ~~~~~~~~~~~~~~~~~~~~~~~~~~^^^
  File "F:\Work Nini\Programming\securecorp\v2_semi_secured\venv\Lib\site-packages\flask\app.py", line 727, in handle_http_exception
    return self.ensure_sync(handler)(e)
           ~~~~~~~~~~~~~~~~~~~~~~~~~^^^
  File "F:\Work Nini\Programming\securecorp\v2_semi_secured\app.py", line 54, in page_not_found
    return render_template('404.html'), 404
           ~~~~~~~~~~~~~~~^^^^^^^^^^^^
  File "F:\Work Nini\Programming\securecorp\v2_semi_secured\venv\Lib\site-packages\flask\templating.py", line 151, in render_template
    template = app.jinja_env.get_or_select_template(template_name_or_list)
  File "F:\Work Nini\Programming\securecorp\v2_semi_secured\venv\Lib\site-packages\jinja2\environment.py", line 1087, in get_or_select_template
    return self.get_template(template_name_or_list, parent, globals)
           ~~~~~~~~~~~~~~~~~^^^^^^^^^^^^^^^^^^^^^^^^^^^^^^^^^^^^^^^^
  File "F:\Work Nini\Programming\securecorp\v2_semi_secured\venv\Lib\site-packages\jinja2\environment.py", line 1016, in get_template
    return self._load_template(name, globals)
           ~~~~~~~~~~~~~~~~~~~^^^^^^^^^^^^^^^
  File "F:\Work Nini\Programming\securecorp\v2_semi_secured\venv\Lib\site-packages\jinja2\environment.py", line 975, in _load_template
    template = self.loader.load(self, name, self.make_globals(globals))
  File "F:\Work Nini\Programming\securecorp\v2_semi_secured\venv\Lib\site-packages\jinja2\loaders.py", line 138, in load
    code = environment.compile(source, name, filename)
  File "F:\Work Nini\Programming\securecorp\v2_semi_secured\venv\Lib\site-packages\jinja2\environment.py", line 771, in compile
    self.handle_exception(source=source_hint)
    ~~~~~~~~~~~~~~~~~~~~~^^^^^^^^^^^^^^^^^^^^
  File "F:\Work Nini\Programming\securecorp\v2_semi_secured\venv\Lib\site-packages\jinja2\environment.py", line 942, in handle_exception
    raise rewrite_traceback_stack(source=source)
  File "F:\Work Nini\Programming\securecorp\v2_semi_secured\templates\404.html", line 9, in template
    <a class="btn btn-primary btn-lg" href="{{ url_for(\'index\') }}" role="button">Retour ŕ l\"accueil</a>
    ^^^^^^^^^^^^^^^^^
jinja2.exceptions.TemplateSyntaxError: unexpected char '\\' at 312
2026-06-01 22:46:44,257 INFO: 127.0.0.1 - - [01/Jun/2026 22:46:44] "[35m[1mGET /favicon.ico HTTP/1.1[0m" 500 -
2026-06-01 22:46:50,150 ERROR: Exception on / [GET]
Traceback (most recent call last):
  File "F:\Work Nini\Programming\securecorp\v2_semi_secured\venv\Lib\site-packages\flask\app.py", line 1455, in wsgi_app
    response = self.full_dispatch_request()
  File "F:\Work Nini\Programming\securecorp\v2_semi_secured\venv\Lib\site-packages\flask\app.py", line 869, in full_dispatch_request
    rv = self.handle_user_exception(e)
  File "F:\Work Nini\Programming\securecorp\v2_semi_secured\venv\Lib\site-packages\flask\app.py", line 867, in full_dispatch_request
    rv = self.dispatch_request()
  File "F:\Work Nini\Programming\securecorp\v2_semi_secured\venv\Lib\site-packages\flask\app.py", line 852, in dispatch_request
    return self.ensure_sync(self.view_functions[rule.endpoint])(**view_args)
           ~~~~~~~~~~~~~~~~~~~~~~~~~~~~~~~~~~~~~~~~~~~~~~~~~~~~^^^^^^^^^^^^^
  File "F:\Work Nini\Programming\securecorp\v2_semi_secured\app.py", line 36, in index
    return render_template('index.html', name=name)
  File "F:\Work Nini\Programming\securecorp\v2_semi_secured\venv\Lib\site-packages\flask\templating.py", line 151, in render_template
    template = app.jinja_env.get_or_select_template(template_name_or_list)
  File "F:\Work Nini\Programming\securecorp\v2_semi_secured\venv\Lib\site-packages\jinja2\environment.py", line 1087, in get_or_select_template
    return self.get_template(template_name_or_list, parent, globals)
           ~~~~~~~~~~~~~~~~~^^^^^^^^^^^^^^^^^^^^^^^^^^^^^^^^^^^^^^^^
  File "F:\Work Nini\Programming\securecorp\v2_semi_secured\venv\Lib\site-packages\jinja2\environment.py", line 1016, in get_template
    return self._load_template(name, globals)
           ~~~~~~~~~~~~~~~~~~~^^^^^^^^^^^^^^^
  File "F:\Work Nini\Programming\securecorp\v2_semi_secured\venv\Lib\site-packages\jinja2\environment.py", line 975, in _load_template
    template = self.loader.load(self, name, self.make_globals(globals))
  File "F:\Work Nini\Programming\securecorp\v2_semi_secured\venv\Lib\site-packages\jinja2\loaders.py", line 138, in load
    code = environment.compile(source, name, filename)
  File "F:\Work Nini\Programming\securecorp\v2_semi_secured\venv\Lib\site-packages\jinja2\environment.py", line 771, in compile
    self.handle_exception(source=source_hint)
    ~~~~~~~~~~~~~~~~~~~~~^^^^^^^^^^^^^^^^^^^^
  File "F:\Work Nini\Programming\securecorp\v2_semi_secured\venv\Lib\site-packages\jinja2\environment.py", line 942, in handle_exception
    raise rewrite_traceback_stack(source=source)
  File "F:\Work Nini\Programming\securecorp\v2_semi_secured\templates\index.html", line 11, in template
    <a class="btn btn-primary btn-lg" href="{{ url_for(\'auth.login\') }}" role="button">Connexion</a>
    ^^^^^^^^^^^^^^^^^
jinja2.exceptions.TemplateSyntaxError: unexpected char '\\' at 459
2026-06-01 22:46:50,159 INFO: 127.0.0.1 - - [01/Jun/2026 22:46:50] "[35m[1mGET / HTTP/1.1[0m" 500 -
2026-06-01 22:46:50,360 ERROR: Exception on /favicon.ico [GET]
Traceback (most recent call last):
  File "F:\Work Nini\Programming\securecorp\v2_semi_secured\venv\Lib\site-packages\flask\app.py", line 867, in full_dispatch_request
    rv = self.dispatch_request()
  File "F:\Work Nini\Programming\securecorp\v2_semi_secured\venv\Lib\site-packages\flask\app.py", line 841, in dispatch_request
    self.raise_routing_exception(req)
    ~~~~~~~~~~~~~~~~~~~~~~~~~~~~^^^^^
  File "F:\Work Nini\Programming\securecorp\v2_semi_secured\venv\Lib\site-packages\flask\app.py", line 450, in raise_routing_exception
    raise request.routing_exception  # type: ignore
    ^^^^^^^^^^^^^^^^^^^^^^^^^^^^^^^
  File "F:\Work Nini\Programming\securecorp\v2_semi_secured\venv\Lib\site-packages\flask\ctx.py", line 353, in match_request
    result = self.url_adapter.match(return_rule=True)  # type: ignore
  File "F:\Work Nini\Programming\securecorp\v2_semi_secured\venv\Lib\site-packages\werkzeug\routing\map.py", line 624, in match
    raise NotFound() from None
werkzeug.exceptions.NotFound: 404 Not Found: The requested URL was not found on the server. If you entered the URL manually please check your spelling and try again.

During handling of the above exception, another exception occurred:

Traceback (most recent call last):
  File "F:\Work Nini\Programming\securecorp\v2_semi_secured\venv\Lib\site-packages\flask\app.py", line 1455, in wsgi_app
    response = self.full_dispatch_request()
  File "F:\Work Nini\Programming\securecorp\v2_semi_secured\venv\Lib\site-packages\flask\app.py", line 869, in full_dispatch_request
    rv = self.handle_user_exception(e)
  File "F:\Work Nini\Programming\securecorp\v2_semi_secured\venv\Lib\site-packages\flask\app.py", line 752, in handle_user_exception
    return self.handle_http_exception(e)
           ~~~~~~~~~~~~~~~~~~~~~~~~~~^^^
  File "F:\Work Nini\Programming\securecorp\v2_semi_secured\venv\Lib\site-packages\flask\app.py", line 727, in handle_http_exception
    return self.ensure_sync(handler)(e)
           ~~~~~~~~~~~~~~~~~~~~~~~~~^^^
  File "F:\Work Nini\Programming\securecorp\v2_semi_secured\app.py", line 54, in page_not_found
    return render_template('404.html'), 404
           ~~~~~~~~~~~~~~~^^^^^^^^^^^^
  File "F:\Work Nini\Programming\securecorp\v2_semi_secured\venv\Lib\site-packages\flask\templating.py", line 151, in render_template
    template = app.jinja_env.get_or_select_template(template_name_or_list)
  File "F:\Work Nini\Programming\securecorp\v2_semi_secured\venv\Lib\site-packages\jinja2\environment.py", line 1087, in get_or_select_template
    return self.get_template(template_name_or_list, parent, globals)
           ~~~~~~~~~~~~~~~~~^^^^^^^^^^^^^^^^^^^^^^^^^^^^^^^^^^^^^^^^
  File "F:\Work Nini\Programming\securecorp\v2_semi_secured\venv\Lib\site-packages\jinja2\environment.py", line 1016, in get_template
    return self._load_template(name, globals)
           ~~~~~~~~~~~~~~~~~~~^^^^^^^^^^^^^^^
  File "F:\Work Nini\Programming\securecorp\v2_semi_secured\venv\Lib\site-packages\jinja2\environment.py", line 975, in _load_template
    template = self.loader.load(self, name, self.make_globals(globals))
  File "F:\Work Nini\Programming\securecorp\v2_semi_secured\venv\Lib\site-packages\jinja2\loaders.py", line 138, in load
    code = environment.compile(source, name, filename)
  File "F:\Work Nini\Programming\securecorp\v2_semi_secured\venv\Lib\site-packages\jinja2\environment.py", line 771, in compile
    self.handle_exception(source=source_hint)
    ~~~~~~~~~~~~~~~~~~~~~^^^^^^^^^^^^^^^^^^^^
  File "F:\Work Nini\Programming\securecorp\v2_semi_secured\venv\Lib\site-packages\jinja2\environment.py", line 942, in handle_exception
    raise rewrite_traceback_stack(source=source)
  File "F:\Work Nini\Programming\securecorp\v2_semi_secured\templates\404.html", line 9, in template
    <a class="btn btn-primary btn-lg" href="{{ url_for(\'index\') }}" role="button">Retour ŕ l\"accueil</a>
    ^^^^^^^^^^^^^^^^^
jinja2.exceptions.TemplateSyntaxError: unexpected char '\\' at 312
2026-06-01 22:46:50,369 INFO: 127.0.0.1 - - [01/Jun/2026 22:46:50] "[35m[1mGET /favicon.ico HTTP/1.1[0m" 500 -
2026-06-01 22:49:40,783 ERROR: Exception on / [GET]
Traceback (most recent call last):
  File "F:\Work Nini\Programming\securecorp\v2_semi_secured\venv\Lib\site-packages\flask\app.py", line 1455, in wsgi_app
    response = self.full_dispatch_request()
  File "F:\Work Nini\Programming\securecorp\v2_semi_secured\venv\Lib\site-packages\flask\app.py", line 869, in full_dispatch_request
    rv = self.handle_user_exception(e)
  File "F:\Work Nini\Programming\securecorp\v2_semi_secured\venv\Lib\site-packages\flask\app.py", line 867, in full_dispatch_request
    rv = self.dispatch_request()
  File "F:\Work Nini\Programming\securecorp\v2_semi_secured\venv\Lib\site-packages\flask\app.py", line 852, in dispatch_request
    return self.ensure_sync(self.view_functions[rule.endpoint])(**view_args)
           ~~~~~~~~~~~~~~~~~~~~~~~~~~~~~~~~~~~~~~~~~~~~~~~~~~~~^^^^^^^^^^^^^
  File "F:\Work Nini\Programming\securecorp\v2_semi_secured\app.py", line 36, in index
    return render_template('index.html', name=name)
  File "F:\Work Nini\Programming\securecorp\v2_semi_secured\venv\Lib\site-packages\flask\templating.py", line 152, in render_template
    return _render(app, template, context)
  File "F:\Work Nini\Programming\securecorp\v2_semi_secured\venv\Lib\site-packages\flask\templating.py", line 133, in _render
    rv = template.render(context)
  File "F:\Work Nini\Programming\securecorp\v2_semi_secured\venv\Lib\site-packages\jinja2\environment.py", line 1295, in render
    self.environment.handle_exception()
    ~~~~~~~~~~~~~~~~~~~~~~~~~~~~~~~~~^^
  File "F:\Work Nini\Programming\securecorp\v2_semi_secured\venv\Lib\site-packages\jinja2\environment.py", line 942, in handle_exception
    raise rewrite_traceback_stack(source=source)
  File "F:\Work Nini\Programming\securecorp\v2_semi_secured\templates\index.html", line 1, in top-level template code
    {% extends "base.html" %}
  File "F:\Work Nini\Programming\securecorp\v2_semi_secured\venv\Lib\site-packages\jinja2\environment.py", line 942, in handle_exception
    raise rewrite_traceback_stack(source=source)
  File "F:\Work Nini\Programming\securecorp\v2_semi_secured\templates\base.html", line 18, in template
    {% if session.get(\'user_id\') %}
    ^^^^^^^^^
jinja2.exceptions.TemplateSyntaxError: unexpected char '\\' at 953
2026-06-01 22:49:40,791 INFO: 127.0.0.1 - - [01/Jun/2026 22:49:40] "[35m[1mGET / HTTP/1.1[0m" 500 -
2026-06-01 22:49:41,120 ERROR: Exception on /favicon.ico [GET]
Traceback (most recent call last):
  File "F:\Work Nini\Programming\securecorp\v2_semi_secured\venv\Lib\site-packages\flask\app.py", line 867, in full_dispatch_request
    rv = self.dispatch_request()
  File "F:\Work Nini\Programming\securecorp\v2_semi_secured\venv\Lib\site-packages\flask\app.py", line 841, in dispatch_request
    self.raise_routing_exception(req)
    ~~~~~~~~~~~~~~~~~~~~~~~~~~~~^^^^^
  File "F:\Work Nini\Programming\securecorp\v2_semi_secured\venv\Lib\site-packages\flask\app.py", line 450, in raise_routing_exception
    raise request.routing_exception  # type: ignore
    ^^^^^^^^^^^^^^^^^^^^^^^^^^^^^^^
  File "F:\Work Nini\Programming\securecorp\v2_semi_secured\venv\Lib\site-packages\flask\ctx.py", line 353, in match_request
    result = self.url_adapter.match(return_rule=True)  # type: ignore
  File "F:\Work Nini\Programming\securecorp\v2_semi_secured\venv\Lib\site-packages\werkzeug\routing\map.py", line 624, in match
    raise NotFound() from None
werkzeug.exceptions.NotFound: 404 Not Found: The requested URL was not found on the server. If you entered the URL manually please check your spelling and try again.

During handling of the above exception, another exception occurred:

Traceback (most recent call last):
  File "F:\Work Nini\Programming\securecorp\v2_semi_secured\venv\Lib\site-packages\flask\app.py", line 1455, in wsgi_app
    response = self.full_dispatch_request()
  File "F:\Work Nini\Programming\securecorp\v2_semi_secured\venv\Lib\site-packages\flask\app.py", line 869, in full_dispatch_request
    rv = self.handle_user_exception(e)
  File "F:\Work Nini\Programming\securecorp\v2_semi_secured\venv\Lib\site-packages\flask\app.py", line 752, in handle_user_exception
    return self.handle_http_exception(e)
           ~~~~~~~~~~~~~~~~~~~~~~~~~~^^^
  File "F:\Work Nini\Programming\securecorp\v2_semi_secured\venv\Lib\site-packages\flask\app.py", line 727, in handle_http_exception
    return self.ensure_sync(handler)(e)
           ~~~~~~~~~~~~~~~~~~~~~~~~~^^^
  File "F:\Work Nini\Programming\securecorp\v2_semi_secured\app.py", line 54, in page_not_found
    return render_template('404.html'), 404
           ~~~~~~~~~~~~~~~^^^^^^^^^^^^
  File "F:\Work Nini\Programming\securecorp\v2_semi_secured\venv\Lib\site-packages\flask\templating.py", line 152, in render_template
    return _render(app, template, context)
  File "F:\Work Nini\Programming\securecorp\v2_semi_secured\venv\Lib\site-packages\flask\templating.py", line 133, in _render
    rv = template.render(context)
  File "F:\Work Nini\Programming\securecorp\v2_semi_secured\venv\Lib\site-packages\jinja2\environment.py", line 1295, in render
    self.environment.handle_exception()
    ~~~~~~~~~~~~~~~~~~~~~~~~~~~~~~~~~^^
  File "F:\Work Nini\Programming\securecorp\v2_semi_secured\venv\Lib\site-packages\jinja2\environment.py", line 942, in handle_exception
    raise rewrite_traceback_stack(source=source)
  File "F:\Work Nini\Programming\securecorp\v2_semi_secured\templates\404.html", line 1, in top-level template code
    {% extends "base.html" %}
  File "F:\Work Nini\Programming\securecorp\v2_semi_secured\venv\Lib\site-packages\jinja2\environment.py", line 942, in handle_exception
    raise rewrite_traceback_stack(source=source)
  File "F:\Work Nini\Programming\securecorp\v2_semi_secured\templates\base.html", line 18, in template
    {% if session.get(\'user_id\') %}
    ^^^^^^^^^
jinja2.exceptions.TemplateSyntaxError: unexpected char '\\' at 953
2026-06-01 22:49:41,128 INFO: 127.0.0.1 - - [01/Jun/2026 22:49:41] "[35m[1mGET /favicon.ico HTTP/1.1[0m" 500 -
2026-06-01 22:52:21,584 ERROR: Exception on / [GET]
Traceback (most recent call last):
  File "F:\Work Nini\Programming\securecorp\v2_semi_secured\venv\Lib\site-packages\flask\app.py", line 1455, in wsgi_app
    response = self.full_dispatch_request()
  File "F:\Work Nini\Programming\securecorp\v2_semi_secured\venv\Lib\site-packages\flask\app.py", line 869, in full_dispatch_request
    rv = self.handle_user_exception(e)
  File "F:\Work Nini\Programming\securecorp\v2_semi_secured\venv\Lib\site-packages\flask\app.py", line 867, in full_dispatch_request
    rv = self.dispatch_request()
  File "F:\Work Nini\Programming\securecorp\v2_semi_secured\venv\Lib\site-packages\flask\app.py", line 852, in dispatch_request
    return self.ensure_sync(self.view_functions[rule.endpoint])(**view_args)
           ~~~~~~~~~~~~~~~~~~~~~~~~~~~~~~~~~~~~~~~~~~~~~~~~~~~~^^^^^^^^^^^^^
  File "F:\Work Nini\Programming\securecorp\v2_semi_secured\app.py", line 36, in index
    return render_template('index.html', name=name)
  File "F:\Work Nini\Programming\securecorp\v2_semi_secured\venv\Lib\site-packages\flask\templating.py", line 152, in render_template
    return _render(app, template, context)
  File "F:\Work Nini\Programming\securecorp\v2_semi_secured\venv\Lib\site-packages\flask\templating.py", line 133, in _render
    rv = template.render(context)
  File "F:\Work Nini\Programming\securecorp\v2_semi_secured\venv\Lib\site-packages\jinja2\environment.py", line 1295, in render
    self.environment.handle_exception()
    ~~~~~~~~~~~~~~~~~~~~~~~~~~~~~~~~~^^
  File "F:\Work Nini\Programming\securecorp\v2_semi_secured\venv\Lib\site-packages\jinja2\environment.py", line 942, in handle_exception
    raise rewrite_traceback_stack(source=source)
  File "F:\Work Nini\Programming\securecorp\v2_semi_secured\templates\index.html", line 1, in top-level template code
    {% extends "base.html" %}
  File "F:\Work Nini\Programming\securecorp\v2_semi_secured\venv\Lib\site-packages\jinja2\environment.py", line 942, in handle_exception
    raise rewrite_traceback_stack(source=source)
  File "F:\Work Nini\Programming\securecorp\v2_semi_secured\templates\base.html", line 18, in template
    {% if session.get(\'user_id\') %}
    ^^^^^^^^^
jinja2.exceptions.TemplateSyntaxError: unexpected char '\\' at 953
2026-06-01 22:52:21,601 INFO: 127.0.0.1 - - [01/Jun/2026 22:52:21] "[35m[1mGET / HTTP/1.1[0m" 500 -
2026-06-01 22:52:22,053 ERROR: Exception on /favicon.ico [GET]
Traceback (most recent call last):
  File "F:\Work Nini\Programming\securecorp\v2_semi_secured\venv\Lib\site-packages\flask\app.py", line 867, in full_dispatch_request
    rv = self.dispatch_request()
  File "F:\Work Nini\Programming\securecorp\v2_semi_secured\venv\Lib\site-packages\flask\app.py", line 841, in dispatch_request
    self.raise_routing_exception(req)
    ~~~~~~~~~~~~~~~~~~~~~~~~~~~~^^^^^
  File "F:\Work Nini\Programming\securecorp\v2_semi_secured\venv\Lib\site-packages\flask\app.py", line 450, in raise_routing_exception
    raise request.routing_exception  # type: ignore
    ^^^^^^^^^^^^^^^^^^^^^^^^^^^^^^^
  File "F:\Work Nini\Programming\securecorp\v2_semi_secured\venv\Lib\site-packages\flask\ctx.py", line 353, in match_request
    result = self.url_adapter.match(return_rule=True)  # type: ignore
  File "F:\Work Nini\Programming\securecorp\v2_semi_secured\venv\Lib\site-packages\werkzeug\routing\map.py", line 624, in match
    raise NotFound() from None
werkzeug.exceptions.NotFound: 404 Not Found: The requested URL was not found on the server. If you entered the URL manually please check your spelling and try again.

During handling of the above exception, another exception occurred:

Traceback (most recent call last):
  File "F:\Work Nini\Programming\securecorp\v2_semi_secured\venv\Lib\site-packages\flask\app.py", line 1455, in wsgi_app
    response = self.full_dispatch_request()
  File "F:\Work Nini\Programming\securecorp\v2_semi_secured\venv\Lib\site-packages\flask\app.py", line 869, in full_dispatch_request
    rv = self.handle_user_exception(e)
  File "F:\Work Nini\Programming\securecorp\v2_semi_secured\venv\Lib\site-packages\flask\app.py", line 752, in handle_user_exception
    return self.handle_http_exception(e)
           ~~~~~~~~~~~~~~~~~~~~~~~~~~^^^
  File "F:\Work Nini\Programming\securecorp\v2_semi_secured\venv\Lib\site-packages\flask\app.py", line 727, in handle_http_exception
    return self.ensure_sync(handler)(e)
           ~~~~~~~~~~~~~~~~~~~~~~~~~^^^
  File "F:\Work Nini\Programming\securecorp\v2_semi_secured\app.py", line 54, in page_not_found
    return render_template('404.html'), 404
           ~~~~~~~~~~~~~~~^^^^^^^^^^^^
  File "F:\Work Nini\Programming\securecorp\v2_semi_secured\venv\Lib\site-packages\flask\templating.py", line 152, in render_template
    return _render(app, template, context)
  File "F:\Work Nini\Programming\securecorp\v2_semi_secured\venv\Lib\site-packages\flask\templating.py", line 133, in _render
    rv = template.render(context)
  File "F:\Work Nini\Programming\securecorp\v2_semi_secured\venv\Lib\site-packages\jinja2\environment.py", line 1295, in render
    self.environment.handle_exception()
    ~~~~~~~~~~~~~~~~~~~~~~~~~~~~~~~~~^^
  File "F:\Work Nini\Programming\securecorp\v2_semi_secured\venv\Lib\site-packages\jinja2\environment.py", line 942, in handle_exception
    raise rewrite_traceback_stack(source=source)
  File "F:\Work Nini\Programming\securecorp\v2_semi_secured\templates\404.html", line 1, in top-level template code
    {% extends "base.html" %}
  File "F:\Work Nini\Programming\securecorp\v2_semi_secured\venv\Lib\site-packages\jinja2\environment.py", line 942, in handle_exception
    raise rewrite_traceback_stack(source=source)
  File "F:\Work Nini\Programming\securecorp\v2_semi_secured\templates\base.html", line 18, in template
    {% if session.get(\'user_id\') %}
    ^^^^^^^^^
jinja2.exceptions.TemplateSyntaxError: unexpected char '\\' at 953
2026-06-01 22:52:22,062 INFO: 127.0.0.1 - - [01/Jun/2026 22:52:22] "[35m[1mGET /favicon.ico HTTP/1.1[0m" 500 -
2026-06-01 22:54:21,176 INFO: [31m[1mWARNING: This is a development server. Do not use it in a production deployment. Use a production WSGI server instead.[0m
 * Running on http://127.0.0.1:5000
2026-06-01 22:54:21,177 INFO: [33mPress CTRL+C to quit[0m
2026-06-01 22:54:24,029 ERROR: Exception on / [GET]
Traceback (most recent call last):
  File "F:\Work Nini\Programming\securecorp\v2_semi_secured\venv\Lib\site-packages\flask\app.py", line 1455, in wsgi_app
    response = self.full_dispatch_request()
  File "F:\Work Nini\Programming\securecorp\v2_semi_secured\venv\Lib\site-packages\flask\app.py", line 869, in full_dispatch_request
    rv = self.handle_user_exception(e)
  File "F:\Work Nini\Programming\securecorp\v2_semi_secured\venv\Lib\site-packages\flask\app.py", line 867, in full_dispatch_request
    rv = self.dispatch_request()
  File "F:\Work Nini\Programming\securecorp\v2_semi_secured\venv\Lib\site-packages\flask\app.py", line 852, in dispatch_request
    return self.ensure_sync(self.view_functions[rule.endpoint])(**view_args)
           ~~~~~~~~~~~~~~~~~~~~~~~~~~~~~~~~~~~~~~~~~~~~~~~~~~~~^^^^^^^^^^^^^
  File "F:\Work Nini\Programming\securecorp\v2_semi_secured\app.py", line 36, in index
    return render_template('index.html', name=name)
  File "F:\Work Nini\Programming\securecorp\v2_semi_secured\venv\Lib\site-packages\flask\templating.py", line 152, in render_template
    return _render(app, template, context)
  File "F:\Work Nini\Programming\securecorp\v2_semi_secured\venv\Lib\site-packages\flask\templating.py", line 133, in _render
    rv = template.render(context)
  File "F:\Work Nini\Programming\securecorp\v2_semi_secured\venv\Lib\site-packages\jinja2\environment.py", line 1295, in render
    self.environment.handle_exception()
    ~~~~~~~~~~~~~~~~~~~~~~~~~~~~~~~~~^^
  File "F:\Work Nini\Programming\securecorp\v2_semi_secured\venv\Lib\site-packages\jinja2\environment.py", line 942, in handle_exception
    raise rewrite_traceback_stack(source=source)
  File "F:\Work Nini\Programming\securecorp\v2_semi_secured\templates\index.html", line 1, in top-level template code
    {% extends "base.html" %}
  File "F:\Work Nini\Programming\securecorp\v2_semi_secured\venv\Lib\site-packages\jinja2\environment.py", line 942, in handle_exception
    raise rewrite_traceback_stack(source=source)
  File "F:\Work Nini\Programming\securecorp\v2_semi_secured\templates\base.html", line 18, in template
    {% if session.get(\'user_id\') %}
    ^^^^^^^^^
jinja2.exceptions.TemplateSyntaxError: unexpected char '\\' at 953
2026-06-01 22:54:24,074 INFO: 127.0.0.1 - - [01/Jun/2026 22:54:24] "[35m[1mGET / HTTP/1.1[0m" 500 -
2026-06-01 22:54:24,383 ERROR: Exception on /favicon.ico [GET]
Traceback (most recent call last):
  File "F:\Work Nini\Programming\securecorp\v2_semi_secured\venv\Lib\site-packages\flask\app.py", line 867, in full_dispatch_request
    rv = self.dispatch_request()
  File "F:\Work Nini\Programming\securecorp\v2_semi_secured\venv\Lib\site-packages\flask\app.py", line 841, in dispatch_request
    self.raise_routing_exception(req)
    ~~~~~~~~~~~~~~~~~~~~~~~~~~~~^^^^^
  File "F:\Work Nini\Programming\securecorp\v2_semi_secured\venv\Lib\site-packages\flask\app.py", line 450, in raise_routing_exception
    raise request.routing_exception  # type: ignore
    ^^^^^^^^^^^^^^^^^^^^^^^^^^^^^^^
  File "F:\Work Nini\Programming\securecorp\v2_semi_secured\venv\Lib\site-packages\flask\ctx.py", line 353, in match_request
    result = self.url_adapter.match(return_rule=True)  # type: ignore
  File "F:\Work Nini\Programming\securecorp\v2_semi_secured\venv\Lib\site-packages\werkzeug\routing\map.py", line 624, in match
    raise NotFound() from None
werkzeug.exceptions.NotFound: 404 Not Found: The requested URL was not found on the server. If you entered the URL manually please check your spelling and try again.

During handling of the above exception, another exception occurred:

Traceback (most recent call last):
  File "F:\Work Nini\Programming\securecorp\v2_semi_secured\venv\Lib\site-packages\flask\app.py", line 1455, in wsgi_app
    response = self.full_dispatch_request()
  File "F:\Work Nini\Programming\securecorp\v2_semi_secured\venv\Lib\site-packages\flask\app.py", line 869, in full_dispatch_request
    rv = self.handle_user_exception(e)
  File "F:\Work Nini\Programming\securecorp\v2_semi_secured\venv\Lib\site-packages\flask\app.py", line 752, in handle_user_exception
    return self.handle_http_exception(e)
           ~~~~~~~~~~~~~~~~~~~~~~~~~~^^^
  File "F:\Work Nini\Programming\securecorp\v2_semi_secured\venv\Lib\site-packages\flask\app.py", line 727, in handle_http_exception
    return self.ensure_sync(handler)(e)
           ~~~~~~~~~~~~~~~~~~~~~~~~~^^^
  File "F:\Work Nini\Programming\securecorp\v2_semi_secured\app.py", line 54, in page_not_found
    return render_template('404.html'), 404
           ~~~~~~~~~~~~~~~^^^^^^^^^^^^
  File "F:\Work Nini\Programming\securecorp\v2_semi_secured\venv\Lib\site-packages\flask\templating.py", line 152, in render_template
    return _render(app, template, context)
  File "F:\Work Nini\Programming\securecorp\v2_semi_secured\venv\Lib\site-packages\flask\templating.py", line 133, in _render
    rv = template.render(context)
  File "F:\Work Nini\Programming\securecorp\v2_semi_secured\venv\Lib\site-packages\jinja2\environment.py", line 1295, in render
    self.environment.handle_exception()
    ~~~~~~~~~~~~~~~~~~~~~~~~~~~~~~~~~^^
  File "F:\Work Nini\Programming\securecorp\v2_semi_secured\venv\Lib\site-packages\jinja2\environment.py", line 942, in handle_exception
    raise rewrite_traceback_stack(source=source)
  File "F:\Work Nini\Programming\securecorp\v2_semi_secured\templates\404.html", line 1, in top-level template code
    {% extends "base.html" %}
  File "F:\Work Nini\Programming\securecorp\v2_semi_secured\venv\Lib\site-packages\jinja2\environment.py", line 942, in handle_exception
    raise rewrite_traceback_stack(source=source)
  File "F:\Work Nini\Programming\securecorp\v2_semi_secured\templates\base.html", line 18, in template
    {% if session.get(\'user_id\') %}
    ^^^^^^^^^
jinja2.exceptions.TemplateSyntaxError: unexpected char '\\' at 953
2026-06-01 22:54:24,458 INFO: 127.0.0.1 - - [01/Jun/2026 22:54:24] "[35m[1mGET /favicon.ico HTTP/1.1[0m" 500 -
2026-06-01 22:54:25,651 ERROR: Exception on / [GET]
Traceback (most recent call last):
  File "F:\Work Nini\Programming\securecorp\v2_semi_secured\venv\Lib\site-packages\flask\app.py", line 1455, in wsgi_app
    response = self.full_dispatch_request()
  File "F:\Work Nini\Programming\securecorp\v2_semi_secured\venv\Lib\site-packages\flask\app.py", line 869, in full_dispatch_request
    rv = self.handle_user_exception(e)
  File "F:\Work Nini\Programming\securecorp\v2_semi_secured\venv\Lib\site-packages\flask\app.py", line 867, in full_dispatch_request
    rv = self.dispatch_request()
  File "F:\Work Nini\Programming\securecorp\v2_semi_secured\venv\Lib\site-packages\flask\app.py", line 852, in dispatch_request
    return self.ensure_sync(self.view_functions[rule.endpoint])(**view_args)
           ~~~~~~~~~~~~~~~~~~~~~~~~~~~~~~~~~~~~~~~~~~~~~~~~~~~~^^^^^^^^^^^^^
  File "F:\Work Nini\Programming\securecorp\v2_semi_secured\app.py", line 36, in index
    return render_template('index.html', name=name)
  File "F:\Work Nini\Programming\securecorp\v2_semi_secured\venv\Lib\site-packages\flask\templating.py", line 152, in render_template
    return _render(app, template, context)
  File "F:\Work Nini\Programming\securecorp\v2_semi_secured\venv\Lib\site-packages\flask\templating.py", line 133, in _render
    rv = template.render(context)
  File "F:\Work Nini\Programming\securecorp\v2_semi_secured\venv\Lib\site-packages\jinja2\environment.py", line 1295, in render
    self.environment.handle_exception()
    ~~~~~~~~~~~~~~~~~~~~~~~~~~~~~~~~~^^
  File "F:\Work Nini\Programming\securecorp\v2_semi_secured\venv\Lib\site-packages\jinja2\environment.py", line 942, in handle_exception
    raise rewrite_traceback_stack(source=source)
  File "F:\Work Nini\Programming\securecorp\v2_semi_secured\templates\index.html", line 1, in top-level template code
    {% extends "base.html" %}
  File "F:\Work Nini\Programming\securecorp\v2_semi_secured\venv\Lib\site-packages\jinja2\environment.py", line 942, in handle_exception
    raise rewrite_traceback_stack(source=source)
  File "F:\Work Nini\Programming\securecorp\v2_semi_secured\templates\base.html", line 18, in template
    {% if session.get(\'user_id\') %}
    ^^^^^^^^^
jinja2.exceptions.TemplateSyntaxError: unexpected char '\\' at 953
2026-06-01 22:54:25,655 INFO: 127.0.0.1 - - [01/Jun/2026 22:54:25] "[35m[1mGET / HTTP/1.1[0m" 500 -
2026-06-01 22:54:25,948 ERROR: Exception on / [GET]
Traceback (most recent call last):
  File "F:\Work Nini\Programming\securecorp\v2_semi_secured\venv\Lib\site-packages\flask\app.py", line 1455, in wsgi_app
    response = self.full_dispatch_request()
  File "F:\Work Nini\Programming\securecorp\v2_semi_secured\venv\Lib\site-packages\flask\app.py", line 869, in full_dispatch_request
    rv = self.handle_user_exception(e)
  File "F:\Work Nini\Programming\securecorp\v2_semi_secured\venv\Lib\site-packages\flask\app.py", line 867, in full_dispatch_request
    rv = self.dispatch_request()
  File "F:\Work Nini\Programming\securecorp\v2_semi_secured\venv\Lib\site-packages\flask\app.py", line 852, in dispatch_request
    return self.ensure_sync(self.view_functions[rule.endpoint])(**view_args)
           ~~~~~~~~~~~~~~~~~~~~~~~~~~~~~~~~~~~~~~~~~~~~~~~~~~~~^^^^^^^^^^^^^
  File "F:\Work Nini\Programming\securecorp\v2_semi_secured\app.py", line 36, in index
    return render_template('index.html', name=name)
  File "F:\Work Nini\Programming\securecorp\v2_semi_secured\venv\Lib\site-packages\flask\templating.py", line 152, in render_template
    return _render(app, template, context)
  File "F:\Work Nini\Programming\securecorp\v2_semi_secured\venv\Lib\site-packages\flask\templating.py", line 133, in _render
    rv = template.render(context)
  File "F:\Work Nini\Programming\securecorp\v2_semi_secured\venv\Lib\site-packages\jinja2\environment.py", line 1295, in render
    self.environment.handle_exception()
    ~~~~~~~~~~~~~~~~~~~~~~~~~~~~~~~~~^^
  File "F:\Work Nini\Programming\securecorp\v2_semi_secured\venv\Lib\site-packages\jinja2\environment.py", line 942, in handle_exception
    raise rewrite_traceback_stack(source=source)
  File "F:\Work Nini\Programming\securecorp\v2_semi_secured\templates\index.html", line 1, in top-level template code
    {% extends "base.html" %}
  File "F:\Work Nini\Programming\securecorp\v2_semi_secured\venv\Lib\site-packages\jinja2\environment.py", line 942, in handle_exception
    raise rewrite_traceback_stack(source=source)
  File "F:\Work Nini\Programming\securecorp\v2_semi_secured\templates\base.html", line 18, in template
    {% if session.get(\'user_id\') %}
    ^^^^^^^^^
jinja2.exceptions.TemplateSyntaxError: unexpected char '\\' at 953
2026-06-01 22:54:25,952 INFO: 127.0.0.1 - - [01/Jun/2026 22:54:25] "[35m[1mGET / HTTP/1.1[0m" 500 -
2026-06-01 22:54:25,981 ERROR: Exception on /favicon.ico [GET]
Traceback (most recent call last):
  File "F:\Work Nini\Programming\securecorp\v2_semi_secured\venv\Lib\site-packages\flask\app.py", line 867, in full_dispatch_request
    rv = self.dispatch_request()
  File "F:\Work Nini\Programming\securecorp\v2_semi_secured\venv\Lib\site-packages\flask\app.py", line 841, in dispatch_request
    self.raise_routing_exception(req)
    ~~~~~~~~~~~~~~~~~~~~~~~~~~~~^^^^^
  File "F:\Work Nini\Programming\securecorp\v2_semi_secured\venv\Lib\site-packages\flask\app.py", line 450, in raise_routing_exception
    raise request.routing_exception  # type: ignore
    ^^^^^^^^^^^^^^^^^^^^^^^^^^^^^^^
  File "F:\Work Nini\Programming\securecorp\v2_semi_secured\venv\Lib\site-packages\flask\ctx.py", line 353, in match_request
    result = self.url_adapter.match(return_rule=True)  # type: ignore
  File "F:\Work Nini\Programming\securecorp\v2_semi_secured\venv\Lib\site-packages\werkzeug\routing\map.py", line 624, in match
    raise NotFound() from None
werkzeug.exceptions.NotFound: 404 Not Found: The requested URL was not found on the server. If you entered the URL manually please check your spelling and try again.

During handling of the above exception, another exception occurred:

Traceback (most recent call last):
  File "F:\Work Nini\Programming\securecorp\v2_semi_secured\venv\Lib\site-packages\flask\app.py", line 1455, in wsgi_app
    response = self.full_dispatch_request()
  File "F:\Work Nini\Programming\securecorp\v2_semi_secured\venv\Lib\site-packages\flask\app.py", line 869, in full_dispatch_request
    rv = self.handle_user_exception(e)
  File "F:\Work Nini\Programming\securecorp\v2_semi_secured\venv\Lib\site-packages\flask\app.py", line 752, in handle_user_exception
    return self.handle_http_exception(e)
           ~~~~~~~~~~~~~~~~~~~~~~~~~~^^^
  File "F:\Work Nini\Programming\securecorp\v2_semi_secured\venv\Lib\site-packages\flask\app.py", line 727, in handle_http_exception
    return self.ensure_sync(handler)(e)
           ~~~~~~~~~~~~~~~~~~~~~~~~~^^^
  File "F:\Work Nini\Programming\securecorp\v2_semi_secured\app.py", line 54, in page_not_found
    return render_template('404.html'), 404
           ~~~~~~~~~~~~~~~^^^^^^^^^^^^
  File "F:\Work Nini\Programming\securecorp\v2_semi_secured\venv\Lib\site-packages\flask\templating.py", line 152, in render_template
    return _render(app, template, context)
  File "F:\Work Nini\Programming\securecorp\v2_semi_secured\venv\Lib\site-packages\flask\templating.py", line 133, in _render
    rv = template.render(context)
  File "F:\Work Nini\Programming\securecorp\v2_semi_secured\venv\Lib\site-packages\jinja2\environment.py", line 1295, in render
    self.environment.handle_exception()
    ~~~~~~~~~~~~~~~~~~~~~~~~~~~~~~~~~^^
  File "F:\Work Nini\Programming\securecorp\v2_semi_secured\venv\Lib\site-packages\jinja2\environment.py", line 942, in handle_exception
    raise rewrite_traceback_stack(source=source)
  File "F:\Work Nini\Programming\securecorp\v2_semi_secured\templates\404.html", line 1, in top-level template code
    {% extends "base.html" %}
  File "F:\Work Nini\Programming\securecorp\v2_semi_secured\venv\Lib\site-packages\jinja2\environment.py", line 942, in handle_exception
    raise rewrite_traceback_stack(source=source)
  File "F:\Work Nini\Programming\securecorp\v2_semi_secured\templates\base.html", line 18, in template
    {% if session.get(\'user_id\') %}
    ^^^^^^^^^
jinja2.exceptions.TemplateSyntaxError: unexpected char '\\' at 953
2026-06-01 22:54:26,003 INFO: 127.0.0.1 - - [01/Jun/2026 22:54:26] "[35m[1mGET /favicon.ico HTTP/1.1[0m" 500 -
2026-06-01 22:54:26,283 ERROR: Exception on /favicon.ico [GET]
Traceback (most recent call last):
  File "F:\Work Nini\Programming\securecorp\v2_semi_secured\venv\Lib\site-packages\flask\app.py", line 867, in full_dispatch_request
    rv = self.dispatch_request()
  File "F:\Work Nini\Programming\securecorp\v2_semi_secured\venv\Lib\site-packages\flask\app.py", line 841, in dispatch_request
    self.raise_routing_exception(req)
    ~~~~~~~~~~~~~~~~~~~~~~~~~~~~^^^^^
  File "F:\Work Nini\Programming\securecorp\v2_semi_secured\venv\Lib\site-packages\flask\app.py", line 450, in raise_routing_exception
    raise request.routing_exception  # type: ignore
    ^^^^^^^^^^^^^^^^^^^^^^^^^^^^^^^
  File "F:\Work Nini\Programming\securecorp\v2_semi_secured\venv\Lib\site-packages\flask\ctx.py", line 353, in match_request
    result = self.url_adapter.match(return_rule=True)  # type: ignore
  File "F:\Work Nini\Programming\securecorp\v2_semi_secured\venv\Lib\site-packages\werkzeug\routing\map.py", line 624, in match
    raise NotFound() from None
werkzeug.exceptions.NotFound: 404 Not Found: The requested URL was not found on the server. If you entered the URL manually please check your spelling and try again.

During handling of the above exception, another exception occurred:

Traceback (most recent call last):
  File "F:\Work Nini\Programming\securecorp\v2_semi_secured\venv\Lib\site-packages\flask\app.py", line 1455, in wsgi_app
    response = self.full_dispatch_request()
  File "F:\Work Nini\Programming\securecorp\v2_semi_secured\venv\Lib\site-packages\flask\app.py", line 869, in full_dispatch_request
    rv = self.handle_user_exception(e)
  File "F:\Work Nini\Programming\securecorp\v2_semi_secured\venv\Lib\site-packages\flask\app.py", line 752, in handle_user_exception
    return self.handle_http_exception(e)
           ~~~~~~~~~~~~~~~~~~~~~~~~~~^^^
  File "F:\Work Nini\Programming\securecorp\v2_semi_secured\venv\Lib\site-packages\flask\app.py", line 727, in handle_http_exception
    return self.ensure_sync(handler)(e)
           ~~~~~~~~~~~~~~~~~~~~~~~~~^^^
  File "F:\Work Nini\Programming\securecorp\v2_semi_secured\app.py", line 54, in page_not_found
    return render_template('404.html'), 404
           ~~~~~~~~~~~~~~~^^^^^^^^^^^^
  File "F:\Work Nini\Programming\securecorp\v2_semi_secured\venv\Lib\site-packages\flask\templating.py", line 152, in render_template
    return _render(app, template, context)
  File "F:\Work Nini\Programming\securecorp\v2_semi_secured\venv\Lib\site-packages\flask\templating.py", line 133, in _render
    rv = template.render(context)
  File "F:\Work Nini\Programming\securecorp\v2_semi_secured\venv\Lib\site-packages\jinja2\environment.py", line 1295, in render
    self.environment.handle_exception()
    ~~~~~~~~~~~~~~~~~~~~~~~~~~~~~~~~~^^
  File "F:\Work Nini\Programming\securecorp\v2_semi_secured\venv\Lib\site-packages\jinja2\environment.py", line 942, in handle_exception
    raise rewrite_traceback_stack(source=source)
  File "F:\Work Nini\Programming\securecorp\v2_semi_secured\templates\404.html", line 1, in top-level template code
    {% extends "base.html" %}
  File "F:\Work Nini\Programming\securecorp\v2_semi_secured\venv\Lib\site-packages\jinja2\environment.py", line 942, in handle_exception
    raise rewrite_traceback_stack(source=source)
  File "F:\Work Nini\Programming\securecorp\v2_semi_secured\templates\base.html", line 18, in template
    {% if session.get(\'user_id\') %}
    ^^^^^^^^^
jinja2.exceptions.TemplateSyntaxError: unexpected char '\\' at 953
2026-06-01 22:54:26,290 INFO: 127.0.0.1 - - [01/Jun/2026 22:54:26] "[35m[1mGET /favicon.ico HTTP/1.1[0m" 500 -
2026-06-01 22:55:49,409 ERROR: Exception on / [GET]
Traceback (most recent call last):
  File "F:\Work Nini\Programming\securecorp\v2_semi_secured\venv\Lib\site-packages\flask\app.py", line 1455, in wsgi_app
    response = self.full_dispatch_request()
  File "F:\Work Nini\Programming\securecorp\v2_semi_secured\venv\Lib\site-packages\flask\app.py", line 869, in full_dispatch_request
    rv = self.handle_user_exception(e)
  File "F:\Work Nini\Programming\securecorp\v2_semi_secured\venv\Lib\site-packages\flask\app.py", line 867, in full_dispatch_request
    rv = self.dispatch_request()
  File "F:\Work Nini\Programming\securecorp\v2_semi_secured\venv\Lib\site-packages\flask\app.py", line 852, in dispatch_request
    return self.ensure_sync(self.view_functions[rule.endpoint])(**view_args)
           ~~~~~~~~~~~~~~~~~~~~~~~~~~~~~~~~~~~~~~~~~~~~~~~~~~~~^^^^^^^^^^^^^
  File "F:\Work Nini\Programming\securecorp\v2_semi_secured\app.py", line 36, in index
    return render_template('index.html', name=name)
  File "F:\Work Nini\Programming\securecorp\v2_semi_secured\venv\Lib\site-packages\flask\templating.py", line 152, in render_template
    return _render(app, template, context)
  File "F:\Work Nini\Programming\securecorp\v2_semi_secured\venv\Lib\site-packages\flask\templating.py", line 133, in _render
    rv = template.render(context)
  File "F:\Work Nini\Programming\securecorp\v2_semi_secured\venv\Lib\site-packages\jinja2\environment.py", line 1295, in render
    self.environment.handle_exception()
    ~~~~~~~~~~~~~~~~~~~~~~~~~~~~~~~~~^^
  File "F:\Work Nini\Programming\securecorp\v2_semi_secured\venv\Lib\site-packages\jinja2\environment.py", line 942, in handle_exception
    raise rewrite_traceback_stack(source=source)
  File "F:\Work Nini\Programming\securecorp\v2_semi_secured\templates\index.html", line 1, in top-level template code
    {% extends "base.html" %}
  File "F:\Work Nini\Programming\securecorp\v2_semi_secured\venv\Lib\site-packages\jinja2\environment.py", line 942, in handle_exception
    raise rewrite_traceback_stack(source=source)
  File "F:\Work Nini\Programming\securecorp\v2_semi_secured\templates\base.html", line 18, in template
    {% if session.get(\'user_id\') %}
    ^^^^^^^^^
jinja2.exceptions.TemplateSyntaxError: unexpected char '\\' at 953
2026-06-01 22:55:49,423 INFO: 127.0.0.1 - - [01/Jun/2026 22:55:49] "[35m[1mGET / HTTP/1.1[0m" 500 -
2026-06-01 22:55:49,702 ERROR: Exception on /favicon.ico [GET]
Traceback (most recent call last):
  File "F:\Work Nini\Programming\securecorp\v2_semi_secured\venv\Lib\site-packages\flask\app.py", line 867, in full_dispatch_request
    rv = self.dispatch_request()
  File "F:\Work Nini\Programming\securecorp\v2_semi_secured\venv\Lib\site-packages\flask\app.py", line 841, in dispatch_request
    self.raise_routing_exception(req)
    ~~~~~~~~~~~~~~~~~~~~~~~~~~~~^^^^^
  File "F:\Work Nini\Programming\securecorp\v2_semi_secured\venv\Lib\site-packages\flask\app.py", line 450, in raise_routing_exception
    raise request.routing_exception  # type: ignore
    ^^^^^^^^^^^^^^^^^^^^^^^^^^^^^^^
  File "F:\Work Nini\Programming\securecorp\v2_semi_secured\venv\Lib\site-packages\flask\ctx.py", line 353, in match_request
    result = self.url_adapter.match(return_rule=True)  # type: ignore
  File "F:\Work Nini\Programming\securecorp\v2_semi_secured\venv\Lib\site-packages\werkzeug\routing\map.py", line 624, in match
    raise NotFound() from None
werkzeug.exceptions.NotFound: 404 Not Found: The requested URL was not found on the server. If you entered the URL manually please check your spelling and try again.

During handling of the above exception, another exception occurred:

Traceback (most recent call last):
  File "F:\Work Nini\Programming\securecorp\v2_semi_secured\venv\Lib\site-packages\flask\app.py", line 1455, in wsgi_app
    response = self.full_dispatch_request()
  File "F:\Work Nini\Programming\securecorp\v2_semi_secured\venv\Lib\site-packages\flask\app.py", line 869, in full_dispatch_request
    rv = self.handle_user_exception(e)
  File "F:\Work Nini\Programming\securecorp\v2_semi_secured\venv\Lib\site-packages\flask\app.py", line 752, in handle_user_exception
    return self.handle_http_exception(e)
           ~~~~~~~~~~~~~~~~~~~~~~~~~~^^^
  File "F:\Work Nini\Programming\securecorp\v2_semi_secured\venv\Lib\site-packages\flask\app.py", line 727, in handle_http_exception
    return self.ensure_sync(handler)(e)
           ~~~~~~~~~~~~~~~~~~~~~~~~~^^^
  File "F:\Work Nini\Programming\securecorp\v2_semi_secured\app.py", line 54, in page_not_found
    return render_template('404.html'), 404
           ~~~~~~~~~~~~~~~^^^^^^^^^^^^
  File "F:\Work Nini\Programming\securecorp\v2_semi_secured\venv\Lib\site-packages\flask\templating.py", line 152, in render_template
    return _render(app, template, context)
  File "F:\Work Nini\Programming\securecorp\v2_semi_secured\venv\Lib\site-packages\flask\templating.py", line 133, in _render
    rv = template.render(context)
  File "F:\Work Nini\Programming\securecorp\v2_semi_secured\venv\Lib\site-packages\jinja2\environment.py", line 1295, in render
    self.environment.handle_exception()
    ~~~~~~~~~~~~~~~~~~~~~~~~~~~~~~~~~^^
  File "F:\Work Nini\Programming\securecorp\v2_semi_secured\venv\Lib\site-packages\jinja2\environment.py", line 942, in handle_exception
    raise rewrite_traceback_stack(source=source)
  File "F:\Work Nini\Programming\securecorp\v2_semi_secured\templates\404.html", line 1, in top-level template code
    {% extends "base.html" %}
  File "F:\Work Nini\Programming\securecorp\v2_semi_secured\venv\Lib\site-packages\jinja2\environment.py", line 942, in handle_exception
    raise rewrite_traceback_stack(source=source)
  File "F:\Work Nini\Programming\securecorp\v2_semi_secured\templates\base.html", line 18, in template
    {% if session.get(\'user_id\') %}
    ^^^^^^^^^
jinja2.exceptions.TemplateSyntaxError: unexpected char '\\' at 953
2026-06-01 22:55:49,709 INFO: 127.0.0.1 - - [01/Jun/2026 22:55:49] "[35m[1mGET /favicon.ico HTTP/1.1[0m" 500 -
2026-06-01 23:03:26,003 INFO: [31m[1mWARNING: This is a development server. Do not use it in a production deployment. Use a production WSGI server instead.[0m
 * Running on http://127.0.0.1:5000
2026-06-01 23:03:26,003 INFO: [33mPress CTRL+C to quit[0m
2026-06-01 23:05:17,815 INFO: [31m[1mWARNING: This is a development server. Do not use it in a production deployment. Use a production WSGI server instead.[0m
 * Running on http://127.0.0.1:5000
2026-06-01 23:05:17,815 INFO: [33mPress CTRL+C to quit[0m
2026-06-01 23:05:38,003 INFO: [31m[1mWARNING: This is a development server. Do not use it in a production deployment. Use a production WSGI server instead.[0m
 * Running on http://127.0.0.1:5000
2026-06-01 23:05:38,003 INFO: [33mPress CTRL+C to quit[0m
2026-06-01 23:05:44,346 ERROR: Exception on / [GET]
Traceback (most recent call last):
  File "F:\Work Nini\Programming\securecorp\v2_semi_secured\venv\Lib\site-packages\flask\app.py", line 1455, in wsgi_app
    response = self.full_dispatch_request()
  File "F:\Work Nini\Programming\securecorp\v2_semi_secured\venv\Lib\site-packages\flask\app.py", line 869, in full_dispatch_request
    rv = self.handle_user_exception(e)
  File "F:\Work Nini\Programming\securecorp\v2_semi_secured\venv\Lib\site-packages\flask\app.py", line 867, in full_dispatch_request
    rv = self.dispatch_request()
  File "F:\Work Nini\Programming\securecorp\v2_semi_secured\venv\Lib\site-packages\flask\app.py", line 852, in dispatch_request
    return self.ensure_sync(self.view_functions[rule.endpoint])(**view_args)
           ~~~~~~~~~~~~~~~~~~~~~~~~~~~~~~~~~~~~~~~~~~~~~~~~~~~~^^^^^^^^^^^^^
  File "F:\Work Nini\Programming\securecorp\v2_semi_secured\app.py", line 36, in index
    return render_template('index.html', name=name)
  File "F:\Work Nini\Programming\securecorp\v2_semi_secured\venv\Lib\site-packages\flask\templating.py", line 152, in render_template
    return _render(app, template, context)
  File "F:\Work Nini\Programming\securecorp\v2_semi_secured\venv\Lib\site-packages\flask\templating.py", line 133, in _render
    rv = template.render(context)
  File "F:\Work Nini\Programming\securecorp\v2_semi_secured\venv\Lib\site-packages\jinja2\environment.py", line 1295, in render
    self.environment.handle_exception()
    ~~~~~~~~~~~~~~~~~~~~~~~~~~~~~~~~~^^
  File "F:\Work Nini\Programming\securecorp\v2_semi_secured\venv\Lib\site-packages\jinja2\environment.py", line 942, in handle_exception
    raise rewrite_traceback_stack(source=source)
  File "F:\Work Nini\Programming\securecorp\v2_semi_secured\templates\index.html", line 1, in top-level template code
    {% extends "base.html" %}
  File "F:\Work Nini\Programming\securecorp\v2_semi_secured\venv\Lib\site-packages\jinja2\environment.py", line 942, in handle_exception
    raise rewrite_traceback_stack(source=source)
  File "F:\Work Nini\Programming\securecorp\v2_semi_secured\templates\base.html", line 18, in template
    {% if session.get(\'user_id\') %}
    ^^^^^^^^^
jinja2.exceptions.TemplateSyntaxError: unexpected char '\\' at 953
2026-06-01 23:05:44,358 INFO: 127.0.0.1 - - [01/Jun/2026 23:05:44] "[35m[1mGET / HTTP/1.1[0m" 500 -
2026-06-01 23:05:45,091 ERROR: Exception on /favicon.ico [GET]
Traceback (most recent call last):
  File "F:\Work Nini\Programming\securecorp\v2_semi_secured\venv\Lib\site-packages\flask\app.py", line 867, in full_dispatch_request
    rv = self.dispatch_request()
  File "F:\Work Nini\Programming\securecorp\v2_semi_secured\venv\Lib\site-packages\flask\app.py", line 841, in dispatch_request
    self.raise_routing_exception(req)
    ~~~~~~~~~~~~~~~~~~~~~~~~~~~~^^^^^
  File "F:\Work Nini\Programming\securecorp\v2_semi_secured\venv\Lib\site-packages\flask\app.py", line 450, in raise_routing_exception
    raise request.routing_exception  # type: ignore
    ^^^^^^^^^^^^^^^^^^^^^^^^^^^^^^^
  File "F:\Work Nini\Programming\securecorp\v2_semi_secured\venv\Lib\site-packages\flask\ctx.py", line 353, in match_request
    result = self.url_adapter.match(return_rule=True)  # type: ignore
  File "F:\Work Nini\Programming\securecorp\v2_semi_secured\venv\Lib\site-packages\werkzeug\routing\map.py", line 624, in match
    raise NotFound() from None
werkzeug.exceptions.NotFound: 404 Not Found: The requested URL was not found on the server. If you entered the URL manually please check your spelling and try again.

During handling of the above exception, another exception occurred:

Traceback (most recent call last):
  File "F:\Work Nini\Programming\securecorp\v2_semi_secured\venv\Lib\site-packages\flask\app.py", line 1455, in wsgi_app
    response = self.full_dispatch_request()
  File "F:\Work Nini\Programming\securecorp\v2_semi_secured\venv\Lib\site-packages\flask\app.py", line 869, in full_dispatch_request
    rv = self.handle_user_exception(e)
  File "F:\Work Nini\Programming\securecorp\v2_semi_secured\venv\Lib\site-packages\flask\app.py", line 752, in handle_user_exception
    return self.handle_http_exception(e)
           ~~~~~~~~~~~~~~~~~~~~~~~~~~^^^
  File "F:\Work Nini\Programming\securecorp\v2_semi_secured\venv\Lib\site-packages\flask\app.py", line 727, in handle_http_exception
    return self.ensure_sync(handler)(e)
           ~~~~~~~~~~~~~~~~~~~~~~~~~^^^
  File "F:\Work Nini\Programming\securecorp\v2_semi_secured\app.py", line 54, in page_not_found
    return render_template('404.html'), 404
           ~~~~~~~~~~~~~~~^^^^^^^^^^^^
  File "F:\Work Nini\Programming\securecorp\v2_semi_secured\venv\Lib\site-packages\flask\templating.py", line 152, in render_template
    return _render(app, template, context)
  File "F:\Work Nini\Programming\securecorp\v2_semi_secured\venv\Lib\site-packages\flask\templating.py", line 133, in _render
    rv = template.render(context)
  File "F:\Work Nini\Programming\securecorp\v2_semi_secured\venv\Lib\site-packages\jinja2\environment.py", line 1295, in render
    self.environment.handle_exception()
    ~~~~~~~~~~~~~~~~~~~~~~~~~~~~~~~~~^^
  File "F:\Work Nini\Programming\securecorp\v2_semi_secured\venv\Lib\site-packages\jinja2\environment.py", line 942, in handle_exception
    raise rewrite_traceback_stack(source=source)
  File "F:\Work Nini\Programming\securecorp\v2_semi_secured\templates\404.html", line 1, in top-level template code
    {% extends "base.html" %}
  File "F:\Work Nini\Programming\securecorp\v2_semi_secured\venv\Lib\site-packages\jinja2\environment.py", line 942, in handle_exception
    raise rewrite_traceback_stack(source=source)
  File "F:\Work Nini\Programming\securecorp\v2_semi_secured\templates\base.html", line 18, in template
    {% if session.get(\'user_id\') %}
    ^^^^^^^^^
jinja2.exceptions.TemplateSyntaxError: unexpected char '\\' at 953
2026-06-01 23:05:45,099 INFO: 127.0.0.1 - - [01/Jun/2026 23:05:45] "[35m[1mGET /favicon.ico HTTP/1.1[0m" 500 -
2026-06-02 22:15:05,269 INFO: [31m[1mWARNING: This is a development server. Do not use it in a production deployment. Use a production WSGI server instead.[0m
 * Running on http://127.0.0.1:5000
2026-06-02 22:15:05,311 INFO: [33mPress CTRL+C to quit[0m
2026-06-02 22:15:16,169 ERROR: Exception on / [GET]
Traceback (most recent call last):
  File "F:\Work Nini\Programming\securecorp\v2_semi_secured\venv\Lib\site-packages\flask\app.py", line 1455, in wsgi_app
    response = self.full_dispatch_request()
  File "F:\Work Nini\Programming\securecorp\v2_semi_secured\venv\Lib\site-packages\flask\app.py", line 869, in full_dispatch_request
    rv = self.handle_user_exception(e)
  File "F:\Work Nini\Programming\securecorp\v2_semi_secured\venv\Lib\site-packages\flask\app.py", line 867, in full_dispatch_request
    rv = self.dispatch_request()
  File "F:\Work Nini\Programming\securecorp\v2_semi_secured\venv\Lib\site-packages\flask\app.py", line 852, in dispatch_request
    return self.ensure_sync(self.view_functions[rule.endpoint])(**view_args)
           ~~~~~~~~~~~~~~~~~~~~~~~~~~~~~~~~~~~~~~~~~~~~~~~~~~~~^^^^^^^^^^^^^
  File "F:\Work Nini\Programming\securecorp\v2_semi_secured\app.py", line 36, in index
    return render_template('index.html', name=name)
  File "F:\Work Nini\Programming\securecorp\v2_semi_secured\venv\Lib\site-packages\flask\templating.py", line 152, in render_template
    return _render(app, template, context)
  File "F:\Work Nini\Programming\securecorp\v2_semi_secured\venv\Lib\site-packages\flask\templating.py", line 133, in _render
    rv = template.render(context)
  File "F:\Work Nini\Programming\securecorp\v2_semi_secured\venv\Lib\site-packages\jinja2\environment.py", line 1295, in render
    self.environment.handle_exception()
    ~~~~~~~~~~~~~~~~~~~~~~~~~~~~~~~~~^^
  File "F:\Work Nini\Programming\securecorp\v2_semi_secured\venv\Lib\site-packages\jinja2\environment.py", line 942, in handle_exception
    raise rewrite_traceback_stack(source=source)
  File "F:\Work Nini\Programming\securecorp\v2_semi_secured\templates\index.html", line 1, in top-level template code
    {% extends "base.html" %}
  File "F:\Work Nini\Programming\securecorp\v2_semi_secured\venv\Lib\site-packages\jinja2\environment.py", line 942, in handle_exception
    raise rewrite_traceback_stack(source=source)
  File "F:\Work Nini\Programming\securecorp\v2_semi_secured\templates\base.html", line 18, in template
    {% if session.get(\'user_id\') %}
    ^^^^^^^^^
jinja2.exceptions.TemplateSyntaxError: unexpected char '\\' at 953
2026-06-02 22:15:16,193 INFO: 127.0.0.1 - - [02/Jun/2026 22:15:16] "[35m[1mGET / HTTP/1.1[0m" 500 -
2026-06-02 22:15:17,240 ERROR: Exception on /favicon.ico [GET]
Traceback (most recent call last):
  File "F:\Work Nini\Programming\securecorp\v2_semi_secured\venv\Lib\site-packages\flask\app.py", line 867, in full_dispatch_request
    rv = self.dispatch_request()
  File "F:\Work Nini\Programming\securecorp\v2_semi_secured\venv\Lib\site-packages\flask\app.py", line 841, in dispatch_request
    self.raise_routing_exception(req)
    ~~~~~~~~~~~~~~~~~~~~~~~~~~~~^^^^^
  File "F:\Work Nini\Programming\securecorp\v2_semi_secured\venv\Lib\site-packages\flask\app.py", line 450, in raise_routing_exception
    raise request.routing_exception  # type: ignore
    ^^^^^^^^^^^^^^^^^^^^^^^^^^^^^^^
  File "F:\Work Nini\Programming\securecorp\v2_semi_secured\venv\Lib\site-packages\flask\ctx.py", line 353, in match_request
    result = self.url_adapter.match(return_rule=True)  # type: ignore
  File "F:\Work Nini\Programming\securecorp\v2_semi_secured\venv\Lib\site-packages\werkzeug\routing\map.py", line 624, in match
    raise NotFound() from None
werkzeug.exceptions.NotFound: 404 Not Found: The requested URL was not found on the server. If you entered the URL manually please check your spelling and try again.

During handling of the above exception, another exception occurred:

Traceback (most recent call last):
  File "F:\Work Nini\Programming\securecorp\v2_semi_secured\venv\Lib\site-packages\flask\app.py", line 1455, in wsgi_app
    response = self.full_dispatch_request()
  File "F:\Work Nini\Programming\securecorp\v2_semi_secured\venv\Lib\site-packages\flask\app.py", line 869, in full_dispatch_request
    rv = self.handle_user_exception(e)
  File "F:\Work Nini\Programming\securecorp\v2_semi_secured\venv\Lib\site-packages\flask\app.py", line 752, in handle_user_exception
    return self.handle_http_exception(e)
           ~~~~~~~~~~~~~~~~~~~~~~~~~~^^^
  File "F:\Work Nini\Programming\securecorp\v2_semi_secured\venv\Lib\site-packages\flask\app.py", line 727, in handle_http_exception
    return self.ensure_sync(handler)(e)
           ~~~~~~~~~~~~~~~~~~~~~~~~~^^^
  File "F:\Work Nini\Programming\securecorp\v2_semi_secured\app.py", line 54, in page_not_found
    return render_template('404.html'), 404
           ~~~~~~~~~~~~~~~^^^^^^^^^^^^
  File "F:\Work Nini\Programming\securecorp\v2_semi_secured\venv\Lib\site-packages\flask\templating.py", line 152, in render_template
    return _render(app, template, context)
  File "F:\Work Nini\Programming\securecorp\v2_semi_secured\venv\Lib\site-packages\flask\templating.py", line 133, in _render
    rv = template.render(context)
  File "F:\Work Nini\Programming\securecorp\v2_semi_secured\venv\Lib\site-packages\jinja2\environment.py", line 1295, in render
    self.environment.handle_exception()
    ~~~~~~~~~~~~~~~~~~~~~~~~~~~~~~~~~^^
  File "F:\Work Nini\Programming\securecorp\v2_semi_secured\venv\Lib\site-packages\jinja2\environment.py", line 942, in handle_exception
    raise rewrite_traceback_stack(source=source)
  File "F:\Work Nini\Programming\securecorp\v2_semi_secured\templates\404.html", line 1, in top-level template code
    {% extends "base.html" %}
  File "F:\Work Nini\Programming\securecorp\v2_semi_secured\venv\Lib\site-packages\jinja2\environment.py", line 942, in handle_exception
    raise rewrite_traceback_stack(source=source)
  File "F:\Work Nini\Programming\securecorp\v2_semi_secured\templates\base.html", line 18, in template
    {% if session.get(\'user_id\') %}
    ^^^^^^^^^
jinja2.exceptions.TemplateSyntaxError: unexpected char '\\' at 953
2026-06-02 22:15:17,310 INFO: 127.0.0.1 - - [02/Jun/2026 22:15:17] "[35m[1mGET /favicon.ico HTTP/1.1[0m" 500 -
2026-06-02 22:19:34,783 INFO: [31m[1mWARNING: This is a development server. Do not use it in a production deployment. Use a production WSGI server instead.[0m
 * Running on http://127.0.0.1:5000
2026-06-02 22:19:34,783 INFO: [33mPress CTRL+C to quit[0m
2026-06-02 22:20:18,855 ERROR: Exception on /.well-known/appspecific/com.chrome.devtools.json [GET]
Traceback (most recent call last):
  File "F:\Work Nini\Programming\securecorp\v2_semi_secured\venv\Lib\site-packages\flask\app.py", line 867, in full_dispatch_request
    rv = self.dispatch_request()
  File "F:\Work Nini\Programming\securecorp\v2_semi_secured\venv\Lib\site-packages\flask\app.py", line 841, in dispatch_request
    self.raise_routing_exception(req)
    ~~~~~~~~~~~~~~~~~~~~~~~~~~~~^^^^^
  File "F:\Work Nini\Programming\securecorp\v2_semi_secured\venv\Lib\site-packages\flask\app.py", line 450, in raise_routing_exception
    raise request.routing_exception  # type: ignore
    ^^^^^^^^^^^^^^^^^^^^^^^^^^^^^^^
  File "F:\Work Nini\Programming\securecorp\v2_semi_secured\venv\Lib\site-packages\flask\ctx.py", line 353, in match_request
    result = self.url_adapter.match(return_rule=True)  # type: ignore
  File "F:\Work Nini\Programming\securecorp\v2_semi_secured\venv\Lib\site-packages\werkzeug\routing\map.py", line 624, in match
    raise NotFound() from None
werkzeug.exceptions.NotFound: 404 Not Found: The requested URL was not found on the server. If you entered the URL manually please check your spelling and try again.

During handling of the above exception, another exception occurred:

Traceback (most recent call last):
  File "F:\Work Nini\Programming\securecorp\v2_semi_secured\venv\Lib\site-packages\flask\app.py", line 1455, in wsgi_app
    response = self.full_dispatch_request()
  File "F:\Work Nini\Programming\securecorp\v2_semi_secured\venv\Lib\site-packages\flask\app.py", line 869, in full_dispatch_request
    rv = self.handle_user_exception(e)
  File "F:\Work Nini\Programming\securecorp\v2_semi_secured\venv\Lib\site-packages\flask\app.py", line 752, in handle_user_exception
    return self.handle_http_exception(e)
           ~~~~~~~~~~~~~~~~~~~~~~~~~~^^^
  File "F:\Work Nini\Programming\securecorp\v2_semi_secured\venv\Lib\site-packages\flask\app.py", line 727, in handle_http_exception
    return self.ensure_sync(handler)(e)
           ~~~~~~~~~~~~~~~~~~~~~~~~~^^^
  File "F:\Work Nini\Programming\securecorp\v2_semi_secured\app.py", line 54, in page_not_found
    return render_template('404.html'), 404
           ~~~~~~~~~~~~~~~^^^^^^^^^^^^
  File "F:\Work Nini\Programming\securecorp\v2_semi_secured\venv\Lib\site-packages\flask\templating.py", line 152, in render_template
    return _render(app, template, context)
  File "F:\Work Nini\Programming\securecorp\v2_semi_secured\venv\Lib\site-packages\flask\templating.py", line 133, in _render
    rv = template.render(context)
  File "F:\Work Nini\Programming\securecorp\v2_semi_secured\venv\Lib\site-packages\jinja2\environment.py", line 1295, in render
    self.environment.handle_exception()
    ~~~~~~~~~~~~~~~~~~~~~~~~~~~~~~~~~^^
  File "F:\Work Nini\Programming\securecorp\v2_semi_secured\venv\Lib\site-packages\jinja2\environment.py", line 942, in handle_exception
    raise rewrite_traceback_stack(source=source)
  File "F:\Work Nini\Programming\securecorp\v2_semi_secured\templates\404.html", line 1, in top-level template code
    {% extends "base.html" %}
  File "F:\Work Nini\Programming\securecorp\v2_semi_secured\venv\Lib\site-packages\jinja2\environment.py", line 942, in handle_exception
    raise rewrite_traceback_stack(source=source)
  File "F:\Work Nini\Programming\securecorp\v2_semi_secured\templates\base.html", line 18, in template
    {% if session.get(\'user_id\') %}
    ^^^^^^^^^
jinja2.exceptions.TemplateSyntaxError: unexpected char '\\' at 953
2026-06-02 22:20:18,901 INFO: 127.0.0.1 - - [02/Jun/2026 22:20:18] "[35m[1mGET /.well-known/appspecific/com.chrome.devtools.json HTTP/1.1[0m" 500 -
2026-06-02 22:34:19,829 INFO: [31m[1mWARNING: This is a development server. Do not use it in a production deployment. Use a production WSGI server instead.[0m
 * Running on http://127.0.0.1:5000
2026-06-02 22:34:19,848 INFO: [33mPress CTRL+C to quit[0m
2026-06-02 22:36:00,245 INFO: [31m[1mWARNING: This is a development server. Do not use it in a production deployment. Use a production WSGI server instead.[0m
 * Running on http://127.0.0.1:5000
2026-06-02 22:36:00,245 INFO: [33mPress CTRL+C to quit[0m
2026-06-02 22:36:00,261 INFO:  * Restarting with stat
2026-06-02 22:36:01,246 WARNING:  * Debugger is active!
2026-06-02 22:36:01,258 INFO:  * Debugger PIN: 172-558-941
2026-06-02 22:36:06,796 INFO: 127.0.0.1 - - [02/Jun/2026 22:36:06] "[35m[1mGET / HTTP/1.1[0m" 500 -
2026-06-02 22:36:06,976 INFO: 127.0.0.1 - - [02/Jun/2026 22:36:06] "[35m[1mGET /.well-known/appspecific/com.chrome.devtools.json HTTP/1.1[0m" 500 -
2026-06-02 22:36:07,544 INFO: 127.0.0.1 - - [02/Jun/2026 22:36:07] "GET /?__debugger__=yes&cmd=resource&f=style.css HTTP/1.1" 200 -
2026-06-02 22:36:07,695 INFO: 127.0.0.1 - - [02/Jun/2026 22:36:07] "GET /?__debugger__=yes&cmd=resource&f=debugger.js HTTP/1.1" 200 -
2026-06-02 22:36:08,189 INFO: 127.0.0.1 - - [02/Jun/2026 22:36:08] "GET /?__debugger__=yes&cmd=resource&f=console.png HTTP/1.1" 200 -
2026-06-02 22:36:08,462 INFO: 127.0.0.1 - - [02/Jun/2026 22:36:08] "[36mGET /?__debugger__=yes&cmd=resource&f=console.png HTTP/1.1[0m" 304 -
2026-06-02 22:40:37,742 INFO: 127.0.0.1 - - [02/Jun/2026 22:40:37] "GET / HTTP/1.1" 200 -
2026-06-02 22:40:37,827 INFO: 127.0.0.1 - - [02/Jun/2026 22:40:37] "GET /static/css/style.css HTTP/1.1" 200 -
2026-06-02 22:40:37,925 INFO: 127.0.0.1 - - [02/Jun/2026 22:40:37] "GET /static/js/main.js HTTP/1.1" 200 -
2026-06-02 22:40:38,716 INFO: 127.0.0.1 - - [02/Jun/2026 22:40:38] "[33mGET /favicon.ico HTTP/1.1[0m" 404 -
2026-06-02 22:40:41,799 INFO: 127.0.0.1 - - [02/Jun/2026 22:40:41] "GET /auth/login HTTP/1.1" 200 -
2026-06-02 22:40:41,853 INFO: 127.0.0.1 - - [02/Jun/2026 22:40:41] "[36mGET /static/css/style.css HTTP/1.1[0m" 304 -
2026-06-02 22:40:41,869 INFO: 127.0.0.1 - - [02/Jun/2026 22:40:41] "[36mGET /static/js/main.js HTTP/1.1[0m" 304 -
2026-06-02 22:40:51,689 INFO: 127.0.0.1 - - [02/Jun/2026 22:40:51] "POST /auth/login HTTP/1.1" 200 -
2026-06-02 22:40:51,741 INFO: 127.0.0.1 - - [02/Jun/2026 22:40:51] "[36mGET /static/css/style.css HTTP/1.1[0m" 304 -
2026-06-02 22:40:51,789 INFO: 127.0.0.1 - - [02/Jun/2026 22:40:51] "[36mGET /static/js/main.js HTTP/1.1[0m" 304 -
2026-06-02 22:40:55,864 INFO: 127.0.0.1 - - [02/Jun/2026 22:40:55] "GET /auth/register HTTP/1.1" 200 -
2026-06-02 22:40:55,907 INFO: 127.0.0.1 - - [02/Jun/2026 22:40:55] "[36mGET /static/css/style.css HTTP/1.1[0m" 304 -
2026-06-02 22:40:55,945 INFO: 127.0.0.1 - - [02/Jun/2026 22:40:55] "[36mGET /static/js/main.js HTTP/1.1[0m" 304 -
2026-06-02 22:41:07,899 INFO: 127.0.0.1 - - [02/Jun/2026 22:41:07] "[32mPOST /auth/register HTTP/1.1[0m" 302 -
2026-06-02 22:41:07,910 INFO: 127.0.0.1 - - [02/Jun/2026 22:41:07] "GET /auth/login HTTP/1.1" 200 -
2026-06-02 22:41:07,974 INFO: 127.0.0.1 - - [02/Jun/2026 22:41:07] "[36mGET /static/css/style.css HTTP/1.1[0m" 304 -
2026-06-02 22:41:07,975 INFO: 127.0.0.1 - - [02/Jun/2026 22:41:07] "[36mGET /static/js/main.js HTTP/1.1[0m" 304 -
2026-06-02 22:41:18,673 INFO: 127.0.0.1 - - [02/Jun/2026 22:41:18] "[32mPOST /auth/login HTTP/1.1[0m" 302 -
2026-06-02 22:41:18,685 INFO: Accčs au tableau de bord par b.nini
2026-06-02 22:41:18,745 INFO: 127.0.0.1 - - [02/Jun/2026 22:41:18] "GET /dashboard HTTP/1.1" 200 -
2026-06-02 22:41:18,856 INFO: 127.0.0.1 - - [02/Jun/2026 22:41:18] "[36mGET /static/css/style.css HTTP/1.1[0m" 304 -
2026-06-02 22:41:18,952 INFO: 127.0.0.1 - - [02/Jun/2026 22:41:18] "[36mGET /static/js/main.js HTTP/1.1[0m" 304 -
2026-06-02 22:43:14,641 INFO: 127.0.0.1 - - [02/Jun/2026 22:43:14] "[32mGET /auth/jwt_info HTTP/1.1[0m" 302 -
2026-06-02 22:43:14,664 INFO: Accčs au tableau de bord par b.nini
2026-06-02 22:43:14,671 INFO: 127.0.0.1 - - [02/Jun/2026 22:43:14] "GET /dashboard HTTP/1.1" 200 -
2026-06-02 22:43:14,757 INFO: 127.0.0.1 - - [02/Jun/2026 22:43:14] "[36mGET /static/css/style.css HTTP/1.1[0m" 304 -
2026-06-02 22:43:14,767 INFO: 127.0.0.1 - - [02/Jun/2026 22:43:14] "[36mGET /static/js/main.js HTTP/1.1[0m" 304 -
2026-06-02 22:43:28,960 INFO: Accčs au tableau de bord par b.nini
2026-06-02 22:43:28,962 INFO: 127.0.0.1 - - [02/Jun/2026 22:43:28] "GET /dashboard HTTP/1.1" 200 -
2026-06-02 22:43:29,004 INFO: 127.0.0.1 - - [02/Jun/2026 22:43:29] "[36mGET /static/css/style.css HTTP/1.1[0m" 304 -
2026-06-02 22:43:29,018 INFO: 127.0.0.1 - - [02/Jun/2026 22:43:29] "[36mGET /static/js/main.js HTTP/1.1[0m" 304 -
2026-06-02 22:43:31,762 INFO: 127.0.0.1 - - [02/Jun/2026 22:43:31] "GET /auth/profile HTTP/1.1" 200 -
2026-06-02 22:43:31,806 INFO: 127.0.0.1 - - [02/Jun/2026 22:43:31] "[36mGET /static/css/style.css HTTP/1.1[0m" 304 -
2026-06-02 22:43:31,838 INFO: 127.0.0.1 - - [02/Jun/2026 22:43:31] "[36mGET /static/js/main.js HTTP/1.1[0m" 304 -
2026-06-02 22:43:34,338 INFO: 127.0.0.1 - - [02/Jun/2026 22:43:34] "[35m[1mGET /tickets/list HTTP/1.1[0m" 500 -
2026-06-02 22:43:34,399 INFO: 127.0.0.1 - - [02/Jun/2026 22:43:34] "GET /tickets/list?__debugger__=yes&cmd=resource&f=style.css HTTP/1.1" 200 -
2026-06-02 22:43:34,507 INFO: 127.0.0.1 - - [02/Jun/2026 22:43:34] "GET /tickets/list?__debugger__=yes&cmd=resource&f=debugger.js HTTP/1.1" 200 -
2026-06-02 22:43:34,648 INFO: 127.0.0.1 - - [02/Jun/2026 22:43:34] "GET /tickets/list?__debugger__=yes&cmd=resource&f=console.png HTTP/1.1" 200 -
2026-06-02 22:43:34,665 INFO: 127.0.0.1 - - [02/Jun/2026 22:43:34] "[36mGET /tickets/list?__debugger__=yes&cmd=resource&f=console.png HTTP/1.1[0m" 304 -
2026-06-02 22:45:55,667 INFO: 127.0.0.1 - - [02/Jun/2026 22:45:55] "GET /tickets/list HTTP/1.1" 200 -
2026-06-02 22:45:55,732 INFO: 127.0.0.1 - - [02/Jun/2026 22:45:55] "[36mGET /static/css/style.css HTTP/1.1[0m" 304 -
2026-06-02 22:45:55,779 INFO: 127.0.0.1 - - [02/Jun/2026 22:45:55] "[36mGET /static/js/main.js HTTP/1.1[0m" 304 -
2026-06-02 22:46:00,771 INFO: 127.0.0.1 - - [02/Jun/2026 22:46:00] "GET /tickets/view/1 HTTP/1.1" 200 -
2026-06-02 22:46:00,824 INFO: 127.0.0.1 - - [02/Jun/2026 22:46:00] "[36mGET /static/css/style.css HTTP/1.1[0m" 304 -
2026-06-02 22:46:00,834 INFO: 127.0.0.1 - - [02/Jun/2026 22:46:00] "[36mGET /static/js/main.js HTTP/1.1[0m" 304 -
2026-06-02 22:46:21,160 INFO: 127.0.0.1 - - [02/Jun/2026 22:46:21] "GET /tickets/export_csv HTTP/1.1" 200 -
2026-06-02 22:46:21,209 INFO: 127.0.0.1 - - [02/Jun/2026 22:46:21] "[36mGET /static/css/style.css HTTP/1.1[0m" 304 -
2026-06-02 22:46:21,218 INFO: 127.0.0.1 - - [02/Jun/2026 22:46:21] "[36mGET /static/js/main.js HTTP/1.1[0m" 304 -
2026-06-02 22:46:24,977 INFO: Accčs au tableau de bord par b.nini
2026-06-02 22:46:24,979 INFO: 127.0.0.1 - - [02/Jun/2026 22:46:24] "GET /dashboard HTTP/1.1" 200 -
2026-06-02 22:46:25,038 INFO: 127.0.0.1 - - [02/Jun/2026 22:46:25] "[36mGET /static/css/style.css HTTP/1.1[0m" 304 -
2026-06-02 22:46:25,074 INFO: 127.0.0.1 - - [02/Jun/2026 22:46:25] "[36mGET /static/js/main.js HTTP/1.1[0m" 304 -
2026-06-02 22:46:30,165 INFO: 127.0.0.1 - - [02/Jun/2026 22:46:30] "GET /tickets/list HTTP/1.1" 200 -
2026-06-02 22:46:30,225 INFO: 127.0.0.1 - - [02/Jun/2026 22:46:30] "[36mGET /static/css/style.css HTTP/1.1[0m" 304 -
2026-06-02 22:46:30,270 INFO: 127.0.0.1 - - [02/Jun/2026 22:46:30] "[36mGET /static/js/main.js HTTP/1.1[0m" 304 -
2026-06-02 22:46:34,725 INFO: 127.0.0.1 - - [02/Jun/2026 22:46:34] "GET /tickets/view/2 HTTP/1.1" 200 -
2026-06-02 22:46:34,789 INFO: 127.0.0.1 - - [02/Jun/2026 22:46:34] "[36mGET /static/css/style.css HTTP/1.1[0m" 304 -
2026-06-02 22:46:34,798 INFO: 127.0.0.1 - - [02/Jun/2026 22:46:34] "[36mGET /static/js/main.js HTTP/1.1[0m" 304 -
2026-06-02 22:46:38,706 INFO: 127.0.0.1 - - [02/Jun/2026 22:46:38] "GET /tickets/export_json HTTP/1.1" 200 -
2026-06-02 22:46:38,769 INFO: 127.0.0.1 - - [02/Jun/2026 22:46:38] "[36mGET /static/css/style.css HTTP/1.1[0m" 304 -
2026-06-02 22:46:38,886 INFO: 127.0.0.1 - - [02/Jun/2026 22:46:38] "[36mGET /static/js/main.js HTTP/1.1[0m" 304 -
2026-06-02 22:46:56,418 INFO: 127.0.0.1 - - [02/Jun/2026 22:46:56] "[32mGET /auth/logout HTTP/1.1[0m" 302 -
2026-06-02 22:46:56,436 INFO: 127.0.0.1 - - [02/Jun/2026 22:46:56] "GET /auth/login HTTP/1.1" 200 -
2026-06-02 22:46:56,493 INFO: 127.0.0.1 - - [02/Jun/2026 22:46:56] "[36mGET /static/css/style.css HTTP/1.1[0m" 304 -
2026-06-02 22:46:56,510 INFO: 127.0.0.1 - - [02/Jun/2026 22:46:56] "[36mGET /static/js/main.js HTTP/1.1[0m" 304 -
